features/onboardingtest/build/intermediates/manifest_merge_blame_file/debug/manifest-merger-blame-debug-report.txt
1<?xml version="1.0" encoding="utf-8"?>
2<manifest xmlns:android="http://schemas.android.com/apk/res/android"
3    package="modularization.features.onboardingtest" >
4
5    <uses-sdk
6        android:minSdkVersion="23"
6-->src/main/AndroidManifest.xml
7        android:targetSdkVersion="28" />
7-->src/main/AndroidManifest.xml
8
9    <uses-permission android:name="android.permission.ACCESS_NETWORK_STATE" />
9-->src/main/AndroidManifest.xml:5:5-79
9-->src/main/AndroidManifest.xml:5:22-76
10    <uses-permission android:name="android.permission.INTERNET" />
10-->src/main/AndroidManifest.xml:6:5-66
10-->src/main/AndroidManifest.xml:6:22-64
11
12    <application android:theme="@style/AppTheme" >
12-->src/main/AndroidManifest.xml:8:5-16:19
12-->src/main/AndroidManifest.xml:8:18-49
13        <activity android:name="modularization.features.onboardingtest.ui.GetUsersAndPostActivity" >
13-->src/main/AndroidManifest.xml:9:9-15:20
13-->src/main/AndroidManifest.xml:9:19-99
14            <intent-filter>
14-->src/main/AndroidManifest.xml:10:13-14:29
15                <action android:name="com.nz.anand.modularization.onboarding.open" />
15-->src/main/AndroidManifest.xml:11:17-85
15-->src/main/AndroidManifest.xml:11:25-83
16
17                <category android:name="android.intent.category.DEFAULT" />
17-->src/main/AndroidManifest.xml:12:17-76
17-->src/main/AndroidManifest.xml:12:27-73
18            </intent-filter>
19        </activity>
20    </application>
21
22</manifest>